{"/Users/juankete78/Desktop/MAC-code/nodeJS/APIEndPointTestsJest/backend/server.js": {"path":"/Users/juankete78/Desktop/MAC-code/nodeJS/APIEndPointTestsJest/backend/server.js","statementMap":{"0":{"start":{"line":1,"column":15},"end":{"line":1,"column":32}},"1":{"start":{"line":2,"column":17},"end":{"line":2,"column":36}},"2":{"start":{"line":3,"column":13},"end":{"line":3,"column":28}},"3":{"start":{"line":4,"column":16},"end":{"line":4,"column":34}},"4":{"start":{"line":5,"column":12},"end":{"line":5,"column":21}},"5":{"start":{"line":8,"column":4},"end":{"line":8,"column":23}},"6":{"start":{"line":11,"column":4},"end":{"line":11,"column":23}},"7":{"start":{"line":16,"column":0},"end":{"line":16,"column":24}},"8":{"start":{"line":17,"column":0},"end":{"line":17,"column":18}},"9":{"start":{"line":18,"column":0},"end":{"line":18,"column":16}},"10":{"start":{"line":20,"column":0},"end":{"line":20,"column":34}},"11":{"start":{"line":24,"column":0},"end":{"line":30,"column":3}},"12":{"start":{"line":25,"column":4},"end":{"line":28,"column":7}},"13":{"start":{"line":29,"column":4},"end":{"line":29,"column":14}},"14":{"start":{"line":35,"column":0},"end":{"line":35,"column":29}},"15":{"start":{"line":40,"column":0},"end":{"line":46,"column":3}},"16":{"start":{"line":41,"column":4},"end":{"line":44,"column":7}},"17":{"start":{"line":45,"column":4},"end":{"line":45,"column":14}},"18":{"start":{"line":50,"column":0},"end":{"line":56,"column":2}},"19":{"start":{"line":55,"column":11},"end":{"line":55,"column":46}},"20":{"start":{"line":58,"column":0},"end":{"line":58,"column":21}}},"fnMap":{"0":{"name":"(anonymous_0)","decl":{"start":{"line":24,"column":13},"end":{"line":24,"column":14}},"loc":{"start":{"line":24,"column":33},"end":{"line":30,"column":1}},"line":24},"1":{"name":"(anonymous_1)","decl":{"start":{"line":40,"column":13},"end":{"line":40,"column":14}},"loc":{"start":{"line":40,"column":33},"end":{"line":46,"column":1}},"line":40},"2":{"name":"(anonymous_2)","decl":{"start":{"line":55,"column":4},"end":{"line":55,"column":5}},"loc":{"start":{"line":55,"column":11},"end":{"line":55,"column":46}},"line":55}},"branchMap":{},"s":{"0":1,"1":1,"2":1,"3":1,"4":1,"5":1,"6":1,"7":1,"8":1,"9":1,"10":1,"11":1,"12":1,"13":1,"14":1,"15":1,"16":1,"17":1,"18":1,"19":0,"20":1},"f":{"0":1,"1":1,"2":0},"b":{},"_coverageSchema":"1a1c01bbd47fc00a2c39e90264f33305004495a9","hash":"c5bca1b0f0ae3ce45e057e861c24b9790541a232"}
,"/Users/juankete78/Desktop/MAC-code/nodeJS/APIEndPointTestsJest/backend/config/index.js": {"path":"/Users/juankete78/Desktop/MAC-code/nodeJS/APIEndPointTestsJest/backend/config/index.js","statementMap":{"0":{"start":{"line":1,"column":0},"end":{"line":3,"column":1}},"1":{"start":{"line":2,"column":4},"end":{"line":2,"column":31}},"2":{"start":{"line":5,"column":0},"end":{"line":12,"column":1}}},"fnMap":{},"branchMap":{"0":{"loc":{"start":{"line":1,"column":0},"end":{"line":3,"column":1}},"type":"if","locations":[{"start":{"line":1,"column":0},"end":{"line":3,"column":1}},{"start":{"line":1,"column":0},"end":{"line":3,"column":1}}],"line":1}},"s":{"0":1,"1":1,"2":1},"f":{},"b":{"0":[1,0]},"_coverageSchema":"1a1c01bbd47fc00a2c39e90264f33305004495a9","hash":"9facdd45040f4d505fb6bb03083dfb34fb9c3f17"}
,"/Users/juankete78/Desktop/MAC-code/nodeJS/APIEndPointTestsJest/backend/models/index.js": {"path":"/Users/juankete78/Desktop/MAC-code/nodeJS/APIEndPointTestsJest/backend/models/index.js","statementMap":{"0":{"start":{"line":1,"column":0},"end":{"line":3,"column":1}}},"fnMap":{},"branchMap":{},"s":{"0":1},"f":{},"b":{},"_coverageSchema":"1a1c01bbd47fc00a2c39e90264f33305004495a9","hash":"3f875a025d9519f8e8787a7ed373b84bbe1fd8d3"}
,"/Users/juankete78/Desktop/MAC-code/nodeJS/APIEndPointTestsJest/backend/models/user.model.js": {"path":"/Users/juankete78/Desktop/MAC-code/nodeJS/APIEndPointTestsJest/backend/models/user.model.js","statementMap":{"0":{"start":{"line":1,"column":17},"end":{"line":1,"column":36}},"1":{"start":{"line":2,"column":15},"end":{"line":2,"column":30}},"2":{"start":{"line":4,"column":19},"end":{"line":17,"column":2}},"3":{"start":{"line":19,"column":0},"end":{"line":19,"column":52}}},"fnMap":{},"branchMap":{},"s":{"0":1,"1":1,"2":1,"3":1},"f":{},"b":{},"_coverageSchema":"1a1c01bbd47fc00a2c39e90264f33305004495a9","hash":"a558628a8f9c1c8b2c1b2a436f62ca7283860165"}
,"/Users/juankete78/Desktop/MAC-code/nodeJS/APIEndPointTestsJest/backend/routes/index.js": {"path":"/Users/juankete78/Desktop/MAC-code/nodeJS/APIEndPointTestsJest/backend/routes/index.js","statementMap":{"0":{"start":{"line":1,"column":0},"end":{"line":3,"column":1}}},"fnMap":{},"branchMap":{},"s":{"0":1},"f":{},"b":{},"_coverageSchema":"1a1c01bbd47fc00a2c39e90264f33305004495a9","hash":"359aa3c09a5f0acd6e0e75174ac1d24eed0fc9f9"}
,"/Users/juankete78/Desktop/MAC-code/nodeJS/APIEndPointTestsJest/backend/routes/user.routes.js": {"path":"/Users/juankete78/Desktop/MAC-code/nodeJS/APIEndPointTestsJest/backend/routes/user.routes.js","statementMap":{"0":{"start":{"line":1,"column":16},"end":{"line":1,"column":34}},"1":{"start":{"line":2,"column":15},"end":{"line":2,"column":31}},"2":{"start":{"line":6,"column":4},"end":{"line":6,"column":24}},"3":{"start":{"line":8,"column":0},"end":{"line":15,"column":3}},"4":{"start":{"line":9,"column":18},"end":{"line":9,"column":35}},"5":{"start":{"line":10,"column":4},"end":{"line":13,"column":7}},"6":{"start":{"line":14,"column":4},"end":{"line":14,"column":14}},"7":{"start":{"line":17,"column":0},"end":{"line":31,"column":3}},"8":{"start":{"line":18,"column":15},"end":{"line":18,"column":28}},"9":{"start":{"line":19,"column":17},"end":{"line":19,"column":40}},"10":{"start":{"line":20,"column":4},"end":{"line":25,"column":5}},"11":{"start":{"line":21,"column":8},"end":{"line":24,"column":10}},"12":{"start":{"line":26,"column":4},"end":{"line":29,"column":7}},"13":{"start":{"line":30,"column":4},"end":{"line":30,"column":14}},"14":{"start":{"line":33,"column":0},"end":{"line":47,"column":3}},"15":{"start":{"line":34,"column":15},"end":{"line":34,"column":28}},"16":{"start":{"line":35,"column":17},"end":{"line":35,"column":49}},"17":{"start":{"line":36,"column":4},"end":{"line":41,"column":5}},"18":{"start":{"line":37,"column":8},"end":{"line":40,"column":10}},"19":{"start":{"line":42,"column":4},"end":{"line":45,"column":7}},"20":{"start":{"line":46,"column":4},"end":{"line":46,"column":14}},"21":{"start":{"line":49,"column":0},"end":{"line":78,"column":3}},"22":{"start":{"line":50,"column":15},"end":{"line":50,"column":28}},"23":{"start":{"line":51,"column":17},"end":{"line":51,"column":25}},"24":{"start":{"line":52,"column":4},"end":{"line":55,"column":13}},"25":{"start":{"line":52,"column":22},"end":{"line":55,"column":13}},"26":{"start":{"line":57,"column":24},"end":{"line":66,"column":6}},"27":{"start":{"line":60,"column":8},"end":{"line":65,"column":9}},"28":{"start":{"line":61,"column":12},"end":{"line":64,"column":21}},"29":{"start":{"line":67,"column":4},"end":{"line":72,"column":5}},"30":{"start":{"line":68,"column":8},"end":{"line":71,"column":17}},"31":{"start":{"line":73,"column":4},"end":{"line":76,"column":13}},"32":{"start":{"line":80,"column":0},"end":{"line":108,"column":3}},"33":{"start":{"line":86,"column":8},"end":{"line":86,"column":16}},"34":{"start":{"line":88,"column":4},"end":{"line":91,"column":13}},"35":{"start":{"line":88,"column":33},"end":{"line":91,"column":13}},"36":{"start":{"line":92,"column":17},"end":{"line":96,"column":6}},"37":{"start":{"line":97,"column":20},"end":{"line":97,"column":37}},"38":{"start":{"line":98,"column":4},"end":{"line":103,"column":5}},"39":{"start":{"line":99,"column":8},"end":{"line":102,"column":17}},"40":{"start":{"line":104,"column":4},"end":{"line":107,"column":13}},"41":{"start":{"line":110,"column":0},"end":{"line":110,"column":24}}},"fnMap":{"0":{"name":"(anonymous_0)","decl":{"start":{"line":8,"column":16},"end":{"line":8,"column":17}},"loc":{"start":{"line":8,"column":42},"end":{"line":15,"column":1}},"line":8},"1":{"name":"(anonymous_1)","decl":{"start":{"line":17,"column":26},"end":{"line":17,"column":27}},"loc":{"start":{"line":17,"column":52},"end":{"line":31,"column":1}},"line":17},"2":{"name":"(anonymous_2)","decl":{"start":{"line":33,"column":29},"end":{"line":33,"column":30}},"loc":{"start":{"line":33,"column":55},"end":{"line":47,"column":1}},"line":33},"3":{"name":"(anonymous_3)","decl":{"start":{"line":49,"column":26},"end":{"line":49,"column":27}},"loc":{"start":{"line":49,"column":52},"end":{"line":78,"column":1}},"line":49},"4":{"name":"(anonymous_4)","decl":{"start":{"line":59,"column":7},"end":{"line":59,"column":8}},"loc":{"start":{"line":59,"column":16},"end":{"line":66,"column":5}},"line":59},"5":{"name":"(anonymous_5)","decl":{"start":{"line":80,"column":17},"end":{"line":80,"column":18}},"loc":{"start":{"line":80,"column":43},"end":{"line":108,"column":1}},"line":80}},"branchMap":{"0":{"loc":{"start":{"line":20,"column":4},"end":{"line":25,"column":5}},"type":"if","locations":[{"start":{"line":20,"column":4},"end":{"line":25,"column":5}},{"start":{"line":20,"column":4},"end":{"line":25,"column":5}}],"line":20},"1":{"loc":{"start":{"line":36,"column":4},"end":{"line":41,"column":5}},"type":"if","locations":[{"start":{"line":36,"column":4},"end":{"line":41,"column":5}},{"start":{"line":36,"column":4},"end":{"line":41,"column":5}}],"line":36},"2":{"loc":{"start":{"line":52,"column":4},"end":{"line":55,"column":13}},"type":"if","locations":[{"start":{"line":52,"column":4},"end":{"line":55,"column":13}},{"start":{"line":52,"column":4},"end":{"line":55,"column":13}}],"line":52},"3":{"loc":{"start":{"line":52,"column":8},"end":{"line":52,"column":20}},"type":"binary-expr","locations":[{"start":{"line":52,"column":8},"end":{"line":52,"column":11}},{"start":{"line":52,"column":15},"end":{"line":52,"column":20}}],"line":52},"4":{"loc":{"start":{"line":60,"column":8},"end":{"line":65,"column":9}},"type":"if","locations":[{"start":{"line":60,"column":8},"end":{"line":65,"column":9}},{"start":{"line":60,"column":8},"end":{"line":65,"column":9}}],"line":60},"5":{"loc":{"start":{"line":67,"column":4},"end":{"line":72,"column":5}},"type":"if","locations":[{"start":{"line":67,"column":4},"end":{"line":72,"column":5}},{"start":{"line":67,"column":4},"end":{"line":72,"column":5}}],"line":67},"6":{"loc":{"start":{"line":88,"column":4},"end":{"line":91,"column":13}},"type":"if","locations":[{"start":{"line":88,"column":4},"end":{"line":91,"column":13}},{"start":{"line":88,"column":4},"end":{"line":91,"column":13}}],"line":88},"7":{"loc":{"start":{"line":88,"column":8},"end":{"line":88,"column":31}},"type":"binary-expr","locations":[{"start":{"line":88,"column":8},"end":{"line":88,"column":13}},{"start":{"line":88,"column":17},"end":{"line":88,"column":23}},{"start":{"line":88,"column":27},"end":{"line":88,"column":31}}],"line":88},"8":{"loc":{"start":{"line":98,"column":4},"end":{"line":103,"column":5}},"type":"if","locations":[{"start":{"line":98,"column":4},"end":{"line":103,"column":5}},{"start":{"line":98,"column":4},"end":{"line":103,"column":5}}],"line":98}},"s":{"0":1,"1":1,"2":1,"3":1,"4":0,"5":0,"6":0,"7":1,"8":1,"9":1,"10":1,"11":0,"12":1,"13":1,"14":1,"15":1,"16":1,"17":1,"18":0,"19":1,"20":1,"21":1,"22":1,"23":1,"24":1,"25":0,"26":1,"27":1,"28":0,"29":1,"30":0,"31":1,"32":1,"33":1,"34":1,"35":0,"36":1,"37":1,"38":1,"39":0,"40":1,"41":1},"f":{"0":0,"1":1,"2":1,"3":1,"4":1,"5":1},"b":{"0":[0,1],"1":[0,1],"2":[0,1],"3":[1,1],"4":[0,1],"5":[0,1],"6":[0,1],"7":[1,1,1],"8":[0,1]},"_coverageSchema":"1a1c01bbd47fc00a2c39e90264f33305004495a9","hash":"ff9413757dc9e7956ca61511eb31bc4df17b0e7e"}
}
