TN:
SF:server.js
FN:24,(anonymous_0)
FN:40,(anonymous_1)
FN:55,(anonymous_2)
FNF:3
FNH:2
FNDA:1,(anonymous_0)
FNDA:1,(anonymous_1)
FNDA:0,(anonymous_2)
DA:1,1
DA:2,1
DA:3,1
DA:4,1
DA:5,1
DA:8,1
DA:11,1
DA:16,1
DA:17,1
DA:18,1
DA:20,1
DA:24,1
DA:25,1
DA:29,1
DA:35,1
DA:40,1
DA:41,1
DA:45,1
DA:50,1
DA:55,0
DA:58,1
LF:21
LH:20
BRF:0
BRH:0
end_of_record
TN:
SF:config/index.js
FNF:0
FNH:0
DA:1,1
DA:2,1
DA:5,1
LF:3
LH:3
BRDA:1,0,0,1
BRDA:1,0,1,0
BRF:2
BRH:1
end_of_record
TN:
SF:models/index.js
FNF:0
FNH:0
DA:1,1
LF:1
LH:1
BRF:0
BRH:0
end_of_record
TN:
SF:models/user.model.js
FNF:0
FNH:0
DA:1,1
DA:2,1
DA:4,1
DA:19,1
LF:4
LH:4
BRF:0
BRH:0
end_of_record
TN:
SF:routes/index.js
FNF:0
FNH:0
DA:1,1
LF:1
LH:1
BRF:0
BRH:0
end_of_record
TN:
SF:routes/user.routes.js
FN:8,(anonymous_0)
FN:17,(anonymous_1)
FN:33,(anonymous_2)
FN:49,(anonymous_3)
FN:59,(anonymous_4)
FN:80,(anonymous_5)
FNF:6
FNH:5
FNDA:0,(anonymous_0)
FNDA:1,(anonymous_1)
FNDA:1,(anonymous_2)
FNDA:1,(anonymous_3)
FNDA:1,(anonymous_4)
FNDA:1,(anonymous_5)
DA:1,1
DA:2,1
DA:6,1
DA:8,1
DA:9,0
DA:10,0
DA:14,0
DA:17,1
DA:18,1
DA:19,1
DA:20,1
DA:21,0
DA:26,1
DA:30,1
DA:33,1
DA:34,1
DA:35,1
DA:36,1
DA:37,0
DA:42,1
DA:46,1
DA:49,1
DA:50,1
DA:51,1
DA:52,1
DA:57,1
DA:60,1
DA:61,0
DA:67,1
DA:68,0
DA:73,1
DA:80,1
DA:86,1
DA:88,1
DA:92,1
DA:97,1
DA:98,1
DA:99,0
DA:104,1
DA:110,1
LF:40
LH:32
BRDA:20,0,0,0
BRDA:20,0,1,1
BRDA:36,1,0,0
BRDA:36,1,1,1
BRDA:52,2,0,0
BRDA:52,2,1,1
BRDA:52,3,0,1
BRDA:52,3,1,1
BRDA:60,4,0,0
BRDA:60,4,1,1
BRDA:67,5,0,0
BRDA:67,5,1,1
BRDA:88,6,0,0
BRDA:88,6,1,1
BRDA:88,7,0,1
BRDA:88,7,1,1
BRDA:88,7,2,1
BRDA:98,8,0,0
BRDA:98,8,1,1
BRF:19
BRH:12
end_of_record
